<?xml version="1.0"?>
<ruleset name="PMD rule set for tests">
    <description>Test rule set</description>
    <rule ref="ruleset.xml">
        <exclude name="AvoidDuplicateLiterals"/>
    </rule>
</ruleset>